[debug] [2025-07-11T21:41:23.101Z] ----------------------------------------------------------------------
[debug] [2025-07-11T21:41:23.102Z] Command:       /opt/homebrew/Cellar/node/23.11.0/bin/node /opt/homebrew/bin/firebase deploy --only functions:api
[debug] [2025-07-11T21:41:23.103Z] CLI Version:   14.9.0
[debug] [2025-07-11T21:41:23.103Z] Platform:      darwin
[debug] [2025-07-11T21:41:23.103Z] Node Version:  v23.11.0
[debug] [2025-07-11T21:41:23.103Z] Time:          Sat Jul 12 2025 00:41:23 GMT+0300 (Israel Daylight Time)
[debug] [2025-07-11T21:41:23.103Z] ----------------------------------------------------------------------
[debug] 
[debug] [2025-07-11T21:41:23.164Z] > command requires scopes: ["email","openid","https://www.googleapis.com/auth/cloudplatformprojects.readonly","https://www.googleapis.com/auth/firebase","https://www.googleapis.com/auth/cloud-platform"]
[debug] [2025-07-11T21:41:23.164Z] > authorizing via signed-in user (itamar92@gmail.com)
[debug] [2025-07-11T21:41:23.164Z] [iam] checking project music-sync-99dbb for permissions ["cloudfunctions.functions.create","cloudfunctions.functions.delete","cloudfunctions.functions.get","cloudfunctions.functions.list","cloudfunctions.functions.update","cloudfunctions.operations.get","firebase.projects.get"]
[debug] [2025-07-11T21:41:23.165Z] Checked if tokens are valid: true, expires at: 1752272717804
[debug] [2025-07-11T21:41:23.165Z] Checked if tokens are valid: true, expires at: 1752272717804
[debug] [2025-07-11T21:41:23.165Z] >>> [apiv2][query] POST https://cloudresourcemanager.googleapis.com/v1/projects/music-sync-99dbb:testIamPermissions [none]
[debug] [2025-07-11T21:41:23.165Z] >>> [apiv2][(partial)header] POST https://cloudresourcemanager.googleapis.com/v1/projects/music-sync-99dbb:testIamPermissions x-goog-quota-user=projects/music-sync-99dbb
[debug] [2025-07-11T21:41:23.165Z] >>> [apiv2][body] POST https://cloudresourcemanager.googleapis.com/v1/projects/music-sync-99dbb:testIamPermissions {"permissions":["cloudfunctions.functions.create","cloudfunctions.functions.delete","cloudfunctions.functions.get","cloudfunctions.functions.list","cloudfunctions.functions.update","cloudfunctions.operations.get","firebase.projects.get"]}
[debug] [2025-07-11T21:41:24.124Z] <<< [apiv2][status] POST https://cloudresourcemanager.googleapis.com/v1/projects/music-sync-99dbb:testIamPermissions 200
[debug] [2025-07-11T21:41:24.124Z] <<< [apiv2][body] POST https://cloudresourcemanager.googleapis.com/v1/projects/music-sync-99dbb:testIamPermissions {"permissions":["cloudfunctions.functions.create","cloudfunctions.functions.delete","cloudfunctions.functions.get","cloudfunctions.functions.list","cloudfunctions.functions.update","cloudfunctions.operations.get","firebase.projects.get"]}
[debug] [2025-07-11T21:41:24.124Z] Checked if tokens are valid: true, expires at: 1752272717804
[debug] [2025-07-11T21:41:24.124Z] Checked if tokens are valid: true, expires at: 1752272717804
[debug] [2025-07-11T21:41:24.124Z] >>> [apiv2][query] POST https://iam.googleapis.com/v1/projects/music-sync-99dbb/serviceAccounts/music-sync-99dbb@appspot.gserviceaccount.com:testIamPermissions [none]
[debug] [2025-07-11T21:41:24.124Z] >>> [apiv2][body] POST https://iam.googleapis.com/v1/projects/music-sync-99dbb/serviceAccounts/music-sync-99dbb@appspot.gserviceaccount.com:testIamPermissions {"permissions":["iam.serviceAccounts.actAs"]}
[debug] [2025-07-11T21:41:25.062Z] <<< [apiv2][status] POST https://iam.googleapis.com/v1/projects/music-sync-99dbb/serviceAccounts/music-sync-99dbb@appspot.gserviceaccount.com:testIamPermissions 200
[debug] [2025-07-11T21:41:25.062Z] <<< [apiv2][body] POST https://iam.googleapis.com/v1/projects/music-sync-99dbb/serviceAccounts/music-sync-99dbb@appspot.gserviceaccount.com:testIamPermissions {"permissions":["iam.serviceAccounts.actAs"]}
[info] 
[info] === Deploying to 'music-sync-99dbb'...
[info] 
[info] i  deploying functions 
[info] Running command: npm --prefix "$RESOURCE_DIR" run lint
[info] ✔  functions: Finished running predeploy script. 
[debug] [2025-07-11T21:41:25.385Z] Checked if tokens are valid: true, expires at: 1752272717804
[debug] [2025-07-11T21:41:25.385Z] Checked if tokens are valid: true, expires at: 1752272717804
[debug] [2025-07-11T21:41:25.385Z] >>> [apiv2][query] GET https://cloudresourcemanager.googleapis.com/v1/projects/music-sync-99dbb [none]
[debug] [2025-07-11T21:41:25.603Z] <<< [apiv2][status] GET https://cloudresourcemanager.googleapis.com/v1/projects/music-sync-99dbb 200
[debug] [2025-07-11T21:41:25.604Z] <<< [apiv2][body] GET https://cloudresourcemanager.googleapis.com/v1/projects/music-sync-99dbb {"projectNumber":"833104619713","projectId":"music-sync-99dbb","lifecycleState":"ACTIVE","name":"Music-Sync","labels":{"firebase":"enabled","firebase-core":"disabled"},"createTime":"2025-07-01T21:37:38.369804Z"}
[info] i  functions: preparing codebase default for deployment 
[info] i  functions: ensuring required API cloudfunctions.googleapis.com is enabled... 
[info] i  functions: ensuring required API cloudbuild.googleapis.com is enabled... 
[info] i  artifactregistry: ensuring required API artifactregistry.googleapis.com is enabled... 
[debug] [2025-07-11T21:41:25.606Z] Checked if tokens are valid: true, expires at: 1752272717804
[debug] [2025-07-11T21:41:25.606Z] Checked if tokens are valid: true, expires at: 1752272717804
[debug] [2025-07-11T21:41:25.606Z] >>> [apiv2][query] GET https://firebase.googleapis.com/v1beta1/projects/music-sync-99dbb/adminSdkConfig [none]
[debug] [2025-07-11T21:41:25.905Z] <<< [apiv2][status] GET https://firebase.googleapis.com/v1beta1/projects/music-sync-99dbb/adminSdkConfig 200
[debug] [2025-07-11T21:41:25.905Z] <<< [apiv2][body] GET https://firebase.googleapis.com/v1beta1/projects/music-sync-99dbb/adminSdkConfig {"projectId":"music-sync-99dbb","storageBucket":"music-sync-99dbb.firebasestorage.app"}
[debug] [2025-07-11T21:41:25.906Z] Checked if tokens are valid: true, expires at: 1752272717804
[debug] [2025-07-11T21:41:25.906Z] Checked if tokens are valid: true, expires at: 1752272717804
[debug] [2025-07-11T21:41:25.906Z] >>> [apiv2][query] GET https://runtimeconfig.googleapis.com/v1beta1/projects/music-sync-99dbb/configs [none]
[debug] [2025-07-11T21:41:26.181Z] <<< [apiv2][status] GET https://runtimeconfig.googleapis.com/v1beta1/projects/music-sync-99dbb/configs 200
[debug] [2025-07-11T21:41:26.181Z] <<< [apiv2][body] GET https://runtimeconfig.googleapis.com/v1beta1/projects/music-sync-99dbb/configs {"configs":[{"name":"projects/music-sync-99dbb/configs/api"}]}
[debug] [2025-07-11T21:41:26.182Z] Checked if tokens are valid: true, expires at: 1752272717804
[debug] [2025-07-11T21:41:26.182Z] Checked if tokens are valid: true, expires at: 1752272717804
[debug] [2025-07-11T21:41:26.182Z] >>> [apiv2][query] GET https://runtimeconfig.googleapis.com/v1beta1/projects/music-sync-99dbb/configs/api/variables [none]
[debug] [2025-07-11T21:41:26.414Z] <<< [apiv2][status] GET https://runtimeconfig.googleapis.com/v1beta1/projects/music-sync-99dbb/configs/api/variables 200
[debug] [2025-07-11T21:41:26.414Z] <<< [apiv2][body] GET https://runtimeconfig.googleapis.com/v1beta1/projects/music-sync-99dbb/configs/api/variables {"variables":[{"name":"projects/music-sync-99dbb/configs/api/variables/public","updateTime":"2025-07-07T20:58:54.701506522Z"}]}
[debug] [2025-07-11T21:41:26.415Z] Checked if tokens are valid: true, expires at: 1752272717804
[debug] [2025-07-11T21:41:26.415Z] Checked if tokens are valid: true, expires at: 1752272717804
[debug] [2025-07-11T21:41:26.415Z] >>> [apiv2][query] GET https://runtimeconfig.googleapis.com/v1beta1/projects/music-sync-99dbb/configs/api/variables/public [none]
[debug] [2025-07-11T21:41:27.170Z] <<< [apiv2][status] GET https://runtimeconfig.googleapis.com/v1beta1/projects/music-sync-99dbb/configs/api/variables/public 200
[debug] [2025-07-11T21:41:27.171Z] <<< [apiv2][body] GET https://runtimeconfig.googleapis.com/v1beta1/projects/music-sync-99dbb/configs/api/variables/public {"name":"projects/music-sync-99dbb/configs/api/variables/public","updateTime":"2025-07-07T20:58:54.701506522Z","text":"true"}
[debug] [2025-07-11T21:41:27.173Z] Validating nodejs source
[debug] [2025-07-11T21:41:27.383Z] > [functions] package.json contents: {
  "name": "functions",
  "description": "Cloud Functions for Firebase",
  "scripts": {
    "lint": "eslint .",
    "serve": "firebase emulators:start --only functions",
    "shell": "firebase functions:shell",
    "start": "npm run shell",
    "deploy": "firebase deploy --only functions",
    "logs": "firebase functions:log"
  },
  "engines": {
    "node": "22"
  },
  "main": "index.js",
  "dependencies": {
    "cors": "^2.8.5",
    "dropbox": "^10.34.0",
    "express": "^4.18.2",
    "firebase-admin": "^12.6.0",
    "firebase-functions": "^6.0.1"
  },
  "devDependencies": {
    "eslint": "^8.15.0",
    "eslint-config-google": "^0.14.0",
    "firebase-functions-test": "^3.1.0"
  },
  "private": true
}
[debug] [2025-07-11T21:41:27.383Z] Building nodejs source
[info] i  functions: Loading and analyzing source code for codebase default to determine what to deploy 
[debug] [2025-07-11T21:41:27.384Z] Could not find functions.yaml. Must use http discovery
[debug] [2025-07-11T21:41:27.387Z] Found firebase-functions binary at '/Users/itamar/Documents/GitHub/music-sync/functions/node_modules/.bin/firebase-functions'
[info] Serving at port 8327

[debug] [2025-07-11T21:41:27.506Z] Got response from /__/functions.yaml {"endpoints":{"syncDropboxFolder":{"availableMemoryMb":null,"timeoutSeconds":null,"minInstances":null,"maxInstances":10,"ingressSettings":null,"concurrency":null,"serviceAccountEmail":null,"vpc":null,"platform":"gcfv2","labels":{},"callableTrigger":{},"entryPoint":"syncDropboxFolder"},"getDropboxStreamLink":{"availableMemoryMb":null,"timeoutSeconds":null,"minInstances":null,"maxInstances":10,"ingressSettings":null,"concurrency":null,"serviceAccountEmail":null,"vpc":null,"platform":"gcfv2","labels":{},"callableTrigger":{},"entryPoint":"getDropboxStreamLink"},"validateDropboxToken":{"availableMemoryMb":null,"timeoutSeconds":null,"minInstances":null,"maxInstances":10,"ingressSettings":null,"concurrency":null,"serviceAccountEmail":null,"vpc":null,"platform":"gcfv2","labels":{},"callableTrigger":{},"entryPoint":"validateDropboxToken"},"listDropboxFolders":{"availableMemoryMb":null,"timeoutSeconds":null,"minInstances":null,"maxInstances":10,"ingressSettings":null,"concurrency":null,"serviceAccountEmail":null,"vpc":null,"platform":"gcfv2","labels":{},"callableTrigger":{},"entryPoint":"listDropboxFolders"},"getTrackDuration":{"availableMemoryMb":null,"timeoutSeconds":null,"minInstances":null,"maxInstances":10,"ingressSettings":null,"concurrency":null,"serviceAccountEmail":null,"vpc":null,"platform":"gcfv2","labels":{},"callableTrigger":{},"entryPoint":"getTrackDuration"},"cleanupExpiredSyncs":{"availableMemoryMb":null,"timeoutSeconds":null,"minInstances":null,"maxInstances":10,"ingressSettings":null,"concurrency":null,"serviceAccountEmail":null,"vpc":null,"platform":"gcfv2","labels":{},"scheduleTrigger":{"schedule":"0 2 * * *","retryConfig":{},"timeZone":"UTC"},"entryPoint":"cleanupExpiredSyncs"},"dropboxWebhook":{"availableMemoryMb":null,"timeoutSeconds":null,"minInstances":null,"maxInstances":10,"ingressSettings":null,"concurrency":null,"serviceAccountEmail":null,"vpc":null,"platform":"gcfv2","labels":{},"httpsTrigger":{},"entryPoint":"dropboxWebhook"},"api":{"availableMemoryMb":null,"timeoutSeconds":null,"minInstances":null,"maxInstances":10,"ingressSettings":null,"concurrency":null,"serviceAccountEmail":null,"vpc":null,"platform":"gcfv2","secretEnvironmentVariables":[{"key":"DROPBOX_ACCESS_TOKEN"},{"key":"DROPBOX_REFRESH_TOKEN"},{"key":"DROPBOX_APP_KEY"},{"key":"DROPBOX_APP_SECRET"}],"labels":{},"httpsTrigger":{},"entryPoint":"api"}},"specVersion":"v1alpha1","requiredAPIs":[{"api":"cloudscheduler.googleapis.com","reason":"Needed for scheduled functions."}],"extensions":{}}
[info] i  extensions: ensuring required API firebaseextensions.googleapis.com is enabled... 
[debug] [2025-07-11T21:41:31.523Z] > command requires scopes: ["email","openid","https://www.googleapis.com/auth/cloudplatformprojects.readonly","https://www.googleapis.com/auth/firebase","https://www.googleapis.com/auth/cloud-platform"]
[debug] [2025-07-11T21:41:31.523Z] > authorizing via signed-in user (itamar92@gmail.com)
[debug] [2025-07-11T21:41:31.523Z] [iam] checking project music-sync-99dbb for permissions ["firebase.projects.get","firebaseextensions.instances.list"]
[debug] [2025-07-11T21:41:31.523Z] Checked if tokens are valid: true, expires at: 1752272717804
[debug] [2025-07-11T21:41:31.523Z] Checked if tokens are valid: true, expires at: 1752272717804
[debug] [2025-07-11T21:41:31.523Z] >>> [apiv2][query] POST https://cloudresourcemanager.googleapis.com/v1/projects/music-sync-99dbb:testIamPermissions [none]
[debug] [2025-07-11T21:41:31.523Z] >>> [apiv2][(partial)header] POST https://cloudresourcemanager.googleapis.com/v1/projects/music-sync-99dbb:testIamPermissions x-goog-quota-user=projects/music-sync-99dbb
[debug] [2025-07-11T21:41:31.523Z] >>> [apiv2][body] POST https://cloudresourcemanager.googleapis.com/v1/projects/music-sync-99dbb:testIamPermissions {"permissions":["firebase.projects.get","firebaseextensions.instances.list"]}
[debug] [2025-07-11T21:41:32.447Z] <<< [apiv2][status] POST https://cloudresourcemanager.googleapis.com/v1/projects/music-sync-99dbb:testIamPermissions 200
[debug] [2025-07-11T21:41:32.448Z] <<< [apiv2][body] POST https://cloudresourcemanager.googleapis.com/v1/projects/music-sync-99dbb:testIamPermissions {"permissions":["firebase.projects.get","firebaseextensions.instances.list"]}
[debug] [2025-07-11T21:41:32.449Z] Checked if tokens are valid: true, expires at: 1752272717804
[debug] [2025-07-11T21:41:32.449Z] Checked if tokens are valid: true, expires at: 1752272717804
[debug] [2025-07-11T21:41:32.450Z] >>> [apiv2][query] GET https://firebaseextensions.googleapis.com/v1beta/projects/music-sync-99dbb/instances pageSize=100&pageToken=
[debug] [2025-07-11T21:41:33.515Z] <<< [apiv2][status] GET https://firebaseextensions.googleapis.com/v1beta/projects/music-sync-99dbb/instances 200
[debug] [2025-07-11T21:41:33.516Z] <<< [apiv2][body] GET https://firebaseextensions.googleapis.com/v1beta/projects/music-sync-99dbb/instances {}
[info] i  functions: Loaded environment variables from .env. 
[info] i  functions: preparing functions directory for uploading... 
[info] i  functions: packaged /Users/itamar/Documents/GitHub/music-sync/functions (89.46 KB) for uploading 
[debug] [2025-07-11T21:41:33.548Z] Checked if tokens are valid: true, expires at: 1752272717804
[debug] [2025-07-11T21:41:33.548Z] Checked if tokens are valid: true, expires at: 1752272717804
[debug] [2025-07-11T21:41:33.548Z] >>> [apiv2][query] GET https://cloudfunctions.googleapis.com/v1/projects/music-sync-99dbb/locations/-/functions [none]
[debug] [2025-07-11T21:41:34.186Z] <<< [apiv2][status] GET https://cloudfunctions.googleapis.com/v1/projects/music-sync-99dbb/locations/-/functions 200
[debug] [2025-07-11T21:41:34.186Z] <<< [apiv2][body] GET https://cloudfunctions.googleapis.com/v1/projects/music-sync-99dbb/locations/-/functions {}
[debug] [2025-07-11T21:41:34.187Z] Checked if tokens are valid: true, expires at: 1752272717804
[debug] [2025-07-11T21:41:34.187Z] Checked if tokens are valid: true, expires at: 1752272717804
[debug] [2025-07-11T21:41:34.187Z] >>> [apiv2][query] GET https://cloudfunctions.googleapis.com/v2/projects/music-sync-99dbb/locations/-/functions filter=environment%3D%22GEN_2%22
[debug] [2025-07-11T21:41:35.188Z] <<< [apiv2][status] GET https://cloudfunctions.googleapis.com/v2/projects/music-sync-99dbb/locations/-/functions 200
[debug] [2025-07-11T21:41:35.188Z] <<< [apiv2][body] GET https://cloudfunctions.googleapis.com/v2/projects/music-sync-99dbb/locations/-/functions {"functions":[{"name":"projects/music-sync-99dbb/locations/us-central1/functions/syncDropboxFolder","buildConfig":{"build":"projects/833104619713/locations/us-central1/builds/8d10cd7d-a561-4bd6-b412-8f8525548939","runtime":"nodejs22","entryPoint":"syncDropboxFolder","source":{"storageSource":{"bucket":"gcf-v2-sources-833104619713-us-central1","object":"syncDropboxFolder/function-source.zip","generation":"1752269164133252"}},"environmentVariables":{"GOOGLE_NODE_RUN_SCRIPTS":""},"dockerRepository":"projects/music-sync-99dbb/locations/us-central1/repositories/gcf-artifacts","serviceAccount":"projects/music-sync-99dbb/serviceAccounts/833104619713-compute@developer.gserviceaccount.com","automaticUpdatePolicy":{}},"serviceConfig":{"service":"projects/music-sync-99dbb/locations/us-central1/services/syncdropboxfolder","timeoutSeconds":60,"environmentVariables":{"DROPBOX_ACCESS_TOKEN":"sl.u.AF0I7QpxhrUBD1y106f9IBr0-RohvhkF_d68wUBUzRiCI0XHYg4GisAi_UZ8bUDloRKBAQGuyQhjCPUy-tGwcJQvX0cAJ6Y50jL_mKTH2-VBeTvUu6c05DZBwLUGpcvrKOkJDKGc-ZrSWZiqfc8GMzXt9FL5KsqnwIsOrCTSW2iVmhWDMs_CrFpV-HgjqpB4jlAf0siY8txIjiNhStWJxfykUnYAx87PaRAcUC6rGgAOIGadDxTUjdP1-L6y0W55ksQqyKU6avhl_MFNzruqVJtu1TJLDuuCgUEZIMY0wf64_EoUOlDQGq1kaGuP4VTbEusY0wexBjBhgpMaNXk6agvhR-WsjNi8K4yyg6_blqfMdu8PlfJgIUzehAs39je2pP-WT8lz4Q_IpL6VoWrha55Jwieefm8p9rK1dSoAxMr-LDfZEusy4AEYkGOpwpWa-lhfhKMnVSmym64BsvDrBP4UdeA-0C54QJFrVY_oFTNkM1HtsSU7FTsPkejtRJCkupsbfkGV0-QqpUAc8IB6t_4-5IGsjsxrctuUYA6r923mYR4vWj_80PD6j_enCvTkDicY540otqacwMF1o6MeCbIVpw7YORPtjuEnDwKpSPqqeu01A3lsU_EjLNgbcFjA3Xc0viY4JOmIsXYrF29yKlBY8esNnnpVfumj8UYmPdpHcyOaFGqJubNBhGr4iGr1IaalJbyFmrlpligAmHxUjTlI3FKzNbcQiSIIYc6yjxUSaZ9F249UzigQbGY2z5J5n5bNJxW6rD8y9Hu7AaEJjsHf3LYdKKDMJhWOKj_8cKZQxrjhJhu03kld-1mLZ9Fd2ogkv0X1OLWu11meSX2WYwr-Tq1RhL-p1ZI5DqiJBQXQc_TSKakP4sY6t6H2KyytnVeyyJ37WymEhiyq1xIlcTFopy5AV2gZ7zP44YYGwWE7Fj3UgN6mqo2Mj601xxHE-ImzeW4uAFTD393KWaOzxImq0CCX13v_vNoZ3jw7XKgegI_IvB-0vpEGwO9c4axtMbadYtk7WoLSHzDrUApOXYGyHPO3et0EkIehIZuTHmOsW61efELr1RM_G3Tuv05VDMhiHfTOOwmyUtM6iv6XCs3Gh6qdS67pQG_8yvu-AH9FYZ95MyGFLDYsohNXR-c9_twNxiyQzk_5w5Y9R9pNnvX_qGDqYsulqx6mlaVNQZx2iWqMQHui9olUULKgnBgLHbwc26yL1EHes9c0MKs8sdu2ycbbWGaLmkFlOxkDPDvdHIfPSb432za7wI_HsN3opxEdZGUBToGvgZBjj6Xz3Cbr","FIREBASE_CONFIG":"{\"projectId\":\"music-sync-99dbb\",\"storageBucket\":\"music-sync-99dbb.firebasestorage.app\"}","GCLOUD_PROJECT":"music-sync-99dbb","EVENTARC_CLOUD_EVENT_SOURCE":"projects/music-sync-99dbb/locations/us-central1/services/syncDropboxFolder","FUNCTION_TARGET":"syncDropboxFolder","LOG_EXECUTION_ID":"true"},"maxInstanceCount":10,"ingressSettings":"ALLOW_ALL","uri":"https://syncdropboxfolder-4oudeccelq-uc.a.run.app","serviceAccountEmail":"833104619713-compute@developer.gserviceaccount.com","availableMemory":"256Mi","allTrafficOnLatestRevision":true,"revision":"syncdropboxfolder-00016-met","maxInstanceRequestConcurrency":80,"availableCpu":"1"},"state":"ACTIVE","updateTime":"2025-07-11T21:27:07.348860964Z","labels":{"deployment-callable":"true","firebase-functions-hash":"2cf47f30731b9b06971c6abc99e54cd509fea6ed","deployment-tool":"cli-firebase"},"environment":"GEN_2","url":"https://us-central1-music-sync-99dbb.cloudfunctions.net/syncDropboxFolder","createTime":"2025-07-01T23:52:29.630935530Z","satisfiesPzi":true},{"name":"projects/music-sync-99dbb/locations/us-central1/functions/getDropboxStreamLink","buildConfig":{"build":"projects/833104619713/locations/us-central1/builds/8d10cd7d-a561-4bd6-b412-8f8525548939","runtime":"nodejs22","entryPoint":"getDropboxStreamLink","source":{"storageSource":{"bucket":"gcf-v2-sources-833104619713-us-central1","object":"getDropboxStreamLink/function-source.zip","generation":"1752269216674624"}},"environmentVariables":{"GOOGLE_NODE_RUN_SCRIPTS":""},"dockerRepository":"projects/music-sync-99dbb/locations/us-central1/repositories/gcf-artifacts","serviceAccount":"projects/music-sync-99dbb/serviceAccounts/833104619713-compute@developer.gserviceaccount.com","automaticUpdatePolicy":{}},"serviceConfig":{"service":"projects/music-sync-99dbb/locations/us-central1/services/getdropboxstreamlink","timeoutSeconds":60,"environmentVariables":{"DROPBOX_ACCESS_TOKEN":"sl.u.AF0I7QpxhrUBD1y106f9IBr0-RohvhkF_d68wUBUzRiCI0XHYg4GisAi_UZ8bUDloRKBAQGuyQhjCPUy-tGwcJQvX0cAJ6Y50jL_mKTH2-VBeTvUu6c05DZBwLUGpcvrKOkJDKGc-ZrSWZiqfc8GMzXt9FL5KsqnwIsOrCTSW2iVmhWDMs_CrFpV-HgjqpB4jlAf0siY8txIjiNhStWJxfykUnYAx87PaRAcUC6rGgAOIGadDxTUjdP1-L6y0W55ksQqyKU6avhl_MFNzruqVJtu1TJLDuuCgUEZIMY0wf64_EoUOlDQGq1kaGuP4VTbEusY0wexBjBhgpMaNXk6agvhR-WsjNi8K4yyg6_blqfMdu8PlfJgIUzehAs39je2pP-WT8lz4Q_IpL6VoWrha55Jwieefm8p9rK1dSoAxMr-LDfZEusy4AEYkGOpwpWa-lhfhKMnVSmym64BsvDrBP4UdeA-0C54QJFrVY_oFTNkM1HtsSU7FTsPkejtRJCkupsbfkGV0-QqpUAc8IB6t_4-5IGsjsxrctuUYA6r923mYR4vWj_80PD6j_enCvTkDicY540otqacwMF1o6MeCbIVpw7YORPtjuEnDwKpSPqqeu01A3lsU_EjLNgbcFjA3Xc0viY4JOmIsXYrF29yKlBY8esNnnpVfumj8UYmPdpHcyOaFGqJubNBhGr4iGr1IaalJbyFmrlpligAmHxUjTlI3FKzNbcQiSIIYc6yjxUSaZ9F249UzigQbGY2z5J5n5bNJxW6rD8y9Hu7AaEJjsHf3LYdKKDMJhWOKj_8cKZQxrjhJhu03kld-1mLZ9Fd2ogkv0X1OLWu11meSX2WYwr-Tq1RhL-p1ZI5DqiJBQXQc_TSKakP4sY6t6H2KyytnVeyyJ37WymEhiyq1xIlcTFopy5AV2gZ7zP44YYGwWE7Fj3UgN6mqo2Mj601xxHE-ImzeW4uAFTD393KWaOzxImq0CCX13v_vNoZ3jw7XKgegI_IvB-0vpEGwO9c4axtMbadYtk7WoLSHzDrUApOXYGyHPO3et0EkIehIZuTHmOsW61efELr1RM_G3Tuv05VDMhiHfTOOwmyUtM6iv6XCs3Gh6qdS67pQG_8yvu-AH9FYZ95MyGFLDYsohNXR-c9_twNxiyQzk_5w5Y9R9pNnvX_qGDqYsulqx6mlaVNQZx2iWqMQHui9olUULKgnBgLHbwc26yL1EHes9c0MKs8sdu2ycbbWGaLmkFlOxkDPDvdHIfPSb432za7wI_HsN3opxEdZGUBToGvgZBjj6Xz3Cbr","FIREBASE_CONFIG":"{\"projectId\":\"music-sync-99dbb\",\"storageBucket\":\"music-sync-99dbb.firebasestorage.app\"}","GCLOUD_PROJECT":"music-sync-99dbb","EVENTARC_CLOUD_EVENT_SOURCE":"projects/music-sync-99dbb/locations/us-central1/services/getDropboxStreamLink","FUNCTION_TARGET":"getDropboxStreamLink","LOG_EXECUTION_ID":"true","FUNCTION_SIGNATURE_TYPE":"http"},"maxInstanceCount":10,"ingressSettings":"ALLOW_ALL","uri":"https://getdropboxstreamlink-4oudeccelq-uc.a.run.app","serviceAccountEmail":"833104619713-compute@developer.gserviceaccount.com","availableMemory":"256Mi","allTrafficOnLatestRevision":true,"revision":"getdropboxstreamlink-00016-woq","maxInstanceRequestConcurrency":80,"availableCpu":"1"},"state":"ACTIVE","updateTime":"2025-07-11T21:27:08.712634941Z","labels":{"firebase-functions-hash":"2cf47f30731b9b06971c6abc99e54cd509fea6ed","deployment-tool":"cli-firebase","deployment-callable":"true"},"environment":"GEN_2","url":"https://us-central1-music-sync-99dbb.cloudfunctions.net/getDropboxStreamLink","createTime":"2025-07-01T23:53:44.913617949Z","satisfiesPzi":true},{"name":"projects/music-sync-99dbb/locations/us-central1/functions/getTrackDuration","buildConfig":{"build":"projects/833104619713/locations/us-central1/builds/8d10cd7d-a561-4bd6-b412-8f8525548939","runtime":"nodejs22","entryPoint":"getTrackDuration","source":{"storageSource":{"bucket":"gcf-v2-sources-833104619713-us-central1","object":"getTrackDuration/function-source.zip","generation":"1752269216613209"}},"environmentVariables":{"GOOGLE_NODE_RUN_SCRIPTS":""},"dockerRepository":"projects/music-sync-99dbb/locations/us-central1/repositories/gcf-artifacts","serviceAccount":"projects/music-sync-99dbb/serviceAccounts/833104619713-compute@developer.gserviceaccount.com","automaticUpdatePolicy":{}},"serviceConfig":{"service":"projects/music-sync-99dbb/locations/us-central1/services/gettrackduration","timeoutSeconds":60,"environmentVariables":{"DROPBOX_ACCESS_TOKEN":"sl.u.AF0I7QpxhrUBD1y106f9IBr0-RohvhkF_d68wUBUzRiCI0XHYg4GisAi_UZ8bUDloRKBAQGuyQhjCPUy-tGwcJQvX0cAJ6Y50jL_mKTH2-VBeTvUu6c05DZBwLUGpcvrKOkJDKGc-ZrSWZiqfc8GMzXt9FL5KsqnwIsOrCTSW2iVmhWDMs_CrFpV-HgjqpB4jlAf0siY8txIjiNhStWJxfykUnYAx87PaRAcUC6rGgAOIGadDxTUjdP1-L6y0W55ksQqyKU6avhl_MFNzruqVJtu1TJLDuuCgUEZIMY0wf64_EoUOlDQGq1kaGuP4VTbEusY0wexBjBhgpMaNXk6agvhR-WsjNi8K4yyg6_blqfMdu8PlfJgIUzehAs39je2pP-WT8lz4Q_IpL6VoWrha55Jwieefm8p9rK1dSoAxMr-LDfZEusy4AEYkGOpwpWa-lhfhKMnVSmym64BsvDrBP4UdeA-0C54QJFrVY_oFTNkM1HtsSU7FTsPkejtRJCkupsbfkGV0-QqpUAc8IB6t_4-5IGsjsxrctuUYA6r923mYR4vWj_80PD6j_enCvTkDicY540otqacwMF1o6MeCbIVpw7YORPtjuEnDwKpSPqqeu01A3lsU_EjLNgbcFjA3Xc0viY4JOmIsXYrF29yKlBY8esNnnpVfumj8UYmPdpHcyOaFGqJubNBhGr4iGr1IaalJbyFmrlpligAmHxUjTlI3FKzNbcQiSIIYc6yjxUSaZ9F249UzigQbGY2z5J5n5bNJxW6rD8y9Hu7AaEJjsHf3LYdKKDMJhWOKj_8cKZQxrjhJhu03kld-1mLZ9Fd2ogkv0X1OLWu11meSX2WYwr-Tq1RhL-p1ZI5DqiJBQXQc_TSKakP4sY6t6H2KyytnVeyyJ37WymEhiyq1xIlcTFopy5AV2gZ7zP44YYGwWE7Fj3UgN6mqo2Mj601xxHE-ImzeW4uAFTD393KWaOzxImq0CCX13v_vNoZ3jw7XKgegI_IvB-0vpEGwO9c4axtMbadYtk7WoLSHzDrUApOXYGyHPO3et0EkIehIZuTHmOsW61efELr1RM_G3Tuv05VDMhiHfTOOwmyUtM6iv6XCs3Gh6qdS67pQG_8yvu-AH9FYZ95MyGFLDYsohNXR-c9_twNxiyQzk_5w5Y9R9pNnvX_qGDqYsulqx6mlaVNQZx2iWqMQHui9olUULKgnBgLHbwc26yL1EHes9c0MKs8sdu2ycbbWGaLmkFlOxkDPDvdHIfPSb432za7wI_HsN3opxEdZGUBToGvgZBjj6Xz3Cbr","FIREBASE_CONFIG":"{\"projectId\":\"music-sync-99dbb\",\"storageBucket\":\"music-sync-99dbb.firebasestorage.app\"}","GCLOUD_PROJECT":"music-sync-99dbb","EVENTARC_CLOUD_EVENT_SOURCE":"projects/music-sync-99dbb/locations/us-central1/services/getTrackDuration","FUNCTION_TARGET":"getTrackDuration","LOG_EXECUTION_ID":"true","FUNCTION_SIGNATURE_TYPE":"http"},"maxInstanceCount":10,"ingressSettings":"ALLOW_ALL","uri":"https://gettrackduration-4oudeccelq-uc.a.run.app","serviceAccountEmail":"833104619713-compute@developer.gserviceaccount.com","availableMemory":"256Mi","allTrafficOnLatestRevision":true,"revision":"gettrackduration-00016-ses","maxInstanceRequestConcurrency":80,"availableCpu":"1"},"state":"ACTIVE","updateTime":"2025-07-11T21:27:08.484321836Z","labels":{"deployment-tool":"cli-firebase","deployment-callable":"true","firebase-functions-hash":"2cf47f30731b9b06971c6abc99e54cd509fea6ed"},"environment":"GEN_2","url":"https://us-central1-music-sync-99dbb.cloudfunctions.net/getTrackDuration","createTime":"2025-07-01T23:53:44.927412445Z","satisfiesPzi":true},{"name":"projects/music-sync-99dbb/locations/us-central1/functions/listDropboxFolders","buildConfig":{"build":"projects/833104619713/locations/us-central1/builds/8d10cd7d-a561-4bd6-b412-8f8525548939","runtime":"nodejs22","entryPoint":"listDropboxFolders","source":{"storageSource":{"bucket":"gcf-v2-sources-833104619713-us-central1","object":"listDropboxFolders/function-source.zip","generation":"1752269216676813"}},"environmentVariables":{"GOOGLE_NODE_RUN_SCRIPTS":""},"dockerRepository":"projects/music-sync-99dbb/locations/us-central1/repositories/gcf-artifacts","serviceAccount":"projects/music-sync-99dbb/serviceAccounts/833104619713-compute@developer.gserviceaccount.com","automaticUpdatePolicy":{}},"serviceConfig":{"service":"projects/music-sync-99dbb/locations/us-central1/services/listdropboxfolders","timeoutSeconds":60,"environmentVariables":{"DROPBOX_ACCESS_TOKEN":"sl.u.AF0I7QpxhrUBD1y106f9IBr0-RohvhkF_d68wUBUzRiCI0XHYg4GisAi_UZ8bUDloRKBAQGuyQhjCPUy-tGwcJQvX0cAJ6Y50jL_mKTH2-VBeTvUu6c05DZBwLUGpcvrKOkJDKGc-ZrSWZiqfc8GMzXt9FL5KsqnwIsOrCTSW2iVmhWDMs_CrFpV-HgjqpB4jlAf0siY8txIjiNhStWJxfykUnYAx87PaRAcUC6rGgAOIGadDxTUjdP1-L6y0W55ksQqyKU6avhl_MFNzruqVJtu1TJLDuuCgUEZIMY0wf64_EoUOlDQGq1kaGuP4VTbEusY0wexBjBhgpMaNXk6agvhR-WsjNi8K4yyg6_blqfMdu8PlfJgIUzehAs39je2pP-WT8lz4Q_IpL6VoWrha55Jwieefm8p9rK1dSoAxMr-LDfZEusy4AEYkGOpwpWa-lhfhKMnVSmym64BsvDrBP4UdeA-0C54QJFrVY_oFTNkM1HtsSU7FTsPkejtRJCkupsbfkGV0-QqpUAc8IB6t_4-5IGsjsxrctuUYA6r923mYR4vWj_80PD6j_enCvTkDicY540otqacwMF1o6MeCbIVpw7YORPtjuEnDwKpSPqqeu01A3lsU_EjLNgbcFjA3Xc0viY4JOmIsXYrF29yKlBY8esNnnpVfumj8UYmPdpHcyOaFGqJubNBhGr4iGr1IaalJbyFmrlpligAmHxUjTlI3FKzNbcQiSIIYc6yjxUSaZ9F249UzigQbGY2z5J5n5bNJxW6rD8y9Hu7AaEJjsHf3LYdKKDMJhWOKj_8cKZQxrjhJhu03kld-1mLZ9Fd2ogkv0X1OLWu11meSX2WYwr-Tq1RhL-p1ZI5DqiJBQXQc_TSKakP4sY6t6H2KyytnVeyyJ37WymEhiyq1xIlcTFopy5AV2gZ7zP44YYGwWE7Fj3UgN6mqo2Mj601xxHE-ImzeW4uAFTD393KWaOzxImq0CCX13v_vNoZ3jw7XKgegI_IvB-0vpEGwO9c4axtMbadYtk7WoLSHzDrUApOXYGyHPO3et0EkIehIZuTHmOsW61efELr1RM_G3Tuv05VDMhiHfTOOwmyUtM6iv6XCs3Gh6qdS67pQG_8yvu-AH9FYZ95MyGFLDYsohNXR-c9_twNxiyQzk_5w5Y9R9pNnvX_qGDqYsulqx6mlaVNQZx2iWqMQHui9olUULKgnBgLHbwc26yL1EHes9c0MKs8sdu2ycbbWGaLmkFlOxkDPDvdHIfPSb432za7wI_HsN3opxEdZGUBToGvgZBjj6Xz3Cbr","FIREBASE_CONFIG":"{\"projectId\":\"music-sync-99dbb\",\"storageBucket\":\"music-sync-99dbb.firebasestorage.app\"}","GCLOUD_PROJECT":"music-sync-99dbb","EVENTARC_CLOUD_EVENT_SOURCE":"projects/music-sync-99dbb/locations/us-central1/services/listDropboxFolders","FUNCTION_TARGET":"listDropboxFolders","LOG_EXECUTION_ID":"true","FUNCTION_SIGNATURE_TYPE":"http"},"maxInstanceCount":10,"ingressSettings":"ALLOW_ALL","uri":"https://listdropboxfolders-4oudeccelq-uc.a.run.app","serviceAccountEmail":"833104619713-compute@developer.gserviceaccount.com","availableMemory":"256Mi","allTrafficOnLatestRevision":true,"revision":"listdropboxfolders-00016-tuz","maxInstanceRequestConcurrency":80,"availableCpu":"1"},"state":"ACTIVE","updateTime":"2025-07-11T21:27:08.430761768Z","labels":{"deployment-tool":"cli-firebase","deployment-callable":"true","firebase-functions-hash":"2cf47f30731b9b06971c6abc99e54cd509fea6ed"},"environment":"GEN_2","url":"https://us-central1-music-sync-99dbb.cloudfunctions.net/listDropboxFolders","createTime":"2025-07-01T23:53:44.953509297Z","satisfiesPzi":true},{"name":"projects/music-sync-99dbb/locations/us-central1/functions/dropboxWebhook","buildConfig":{"build":"projects/833104619713/locations/us-central1/builds/8d10cd7d-a561-4bd6-b412-8f8525548939","runtime":"nodejs22","entryPoint":"dropboxWebhook","source":{"storageSource":{"bucket":"gcf-v2-sources-833104619713-us-central1","object":"dropboxWebhook/function-source.zip","generation":"1752269216609550"}},"environmentVariables":{"GOOGLE_NODE_RUN_SCRIPTS":""},"dockerRepository":"projects/music-sync-99dbb/locations/us-central1/repositories/gcf-artifacts","serviceAccount":"projects/music-sync-99dbb/serviceAccounts/833104619713-compute@developer.gserviceaccount.com","automaticUpdatePolicy":{}},"serviceConfig":{"service":"projects/music-sync-99dbb/locations/us-central1/services/dropboxwebhook","timeoutSeconds":60,"environmentVariables":{"DROPBOX_ACCESS_TOKEN":"sl.u.AF0I7QpxhrUBD1y106f9IBr0-RohvhkF_d68wUBUzRiCI0XHYg4GisAi_UZ8bUDloRKBAQGuyQhjCPUy-tGwcJQvX0cAJ6Y50jL_mKTH2-VBeTvUu6c05DZBwLUGpcvrKOkJDKGc-ZrSWZiqfc8GMzXt9FL5KsqnwIsOrCTSW2iVmhWDMs_CrFpV-HgjqpB4jlAf0siY8txIjiNhStWJxfykUnYAx87PaRAcUC6rGgAOIGadDxTUjdP1-L6y0W55ksQqyKU6avhl_MFNzruqVJtu1TJLDuuCgUEZIMY0wf64_EoUOlDQGq1kaGuP4VTbEusY0wexBjBhgpMaNXk6agvhR-WsjNi8K4yyg6_blqfMdu8PlfJgIUzehAs39je2pP-WT8lz4Q_IpL6VoWrha55Jwieefm8p9rK1dSoAxMr-LDfZEusy4AEYkGOpwpWa-lhfhKMnVSmym64BsvDrBP4UdeA-0C54QJFrVY_oFTNkM1HtsSU7FTsPkejtRJCkupsbfkGV0-QqpUAc8IB6t_4-5IGsjsxrctuUYA6r923mYR4vWj_80PD6j_enCvTkDicY540otqacwMF1o6MeCbIVpw7YORPtjuEnDwKpSPqqeu01A3lsU_EjLNgbcFjA3Xc0viY4JOmIsXYrF29yKlBY8esNnnpVfumj8UYmPdpHcyOaFGqJubNBhGr4iGr1IaalJbyFmrlpligAmHxUjTlI3FKzNbcQiSIIYc6yjxUSaZ9F249UzigQbGY2z5J5n5bNJxW6rD8y9Hu7AaEJjsHf3LYdKKDMJhWOKj_8cKZQxrjhJhu03kld-1mLZ9Fd2ogkv0X1OLWu11meSX2WYwr-Tq1RhL-p1ZI5DqiJBQXQc_TSKakP4sY6t6H2KyytnVeyyJ37WymEhiyq1xIlcTFopy5AV2gZ7zP44YYGwWE7Fj3UgN6mqo2Mj601xxHE-ImzeW4uAFTD393KWaOzxImq0CCX13v_vNoZ3jw7XKgegI_IvB-0vpEGwO9c4axtMbadYtk7WoLSHzDrUApOXYGyHPO3et0EkIehIZuTHmOsW61efELr1RM_G3Tuv05VDMhiHfTOOwmyUtM6iv6XCs3Gh6qdS67pQG_8yvu-AH9FYZ95MyGFLDYsohNXR-c9_twNxiyQzk_5w5Y9R9pNnvX_qGDqYsulqx6mlaVNQZx2iWqMQHui9olUULKgnBgLHbwc26yL1EHes9c0MKs8sdu2ycbbWGaLmkFlOxkDPDvdHIfPSb432za7wI_HsN3opxEdZGUBToGvgZBjj6Xz3Cbr","FIREBASE_CONFIG":"{\"projectId\":\"music-sync-99dbb\",\"storageBucket\":\"music-sync-99dbb.firebasestorage.app\"}","GCLOUD_PROJECT":"music-sync-99dbb","EVENTARC_CLOUD_EVENT_SOURCE":"projects/music-sync-99dbb/locations/us-central1/services/dropboxWebhook","FUNCTION_TARGET":"dropboxWebhook","LOG_EXECUTION_ID":"true","FUNCTION_SIGNATURE_TYPE":"http"},"maxInstanceCount":10,"ingressSettings":"ALLOW_ALL","uri":"https://dropboxwebhook-4oudeccelq-uc.a.run.app","serviceAccountEmail":"833104619713-compute@developer.gserviceaccount.com","availableMemory":"256Mi","allTrafficOnLatestRevision":true,"revision":"dropboxwebhook-00016-gin","maxInstanceRequestConcurrency":80,"availableCpu":"1"},"state":"ACTIVE","updateTime":"2025-07-11T21:27:08.871929354Z","labels":{"firebase-functions-hash":"2cf47f30731b9b06971c6abc99e54cd509fea6ed","deployment-tool":"cli-firebase"},"environment":"GEN_2","url":"https://us-central1-music-sync-99dbb.cloudfunctions.net/dropboxWebhook","createTime":"2025-07-01T23:53:44.995100672Z","satisfiesPzi":true},{"name":"projects/music-sync-99dbb/locations/us-central1/functions/validateDropboxToken","buildConfig":{"build":"projects/833104619713/locations/us-central1/builds/8d10cd7d-a561-4bd6-b412-8f8525548939","runtime":"nodejs22","entryPoint":"validateDropboxToken","source":{"storageSource":{"bucket":"gcf-v2-sources-833104619713-us-central1","object":"validateDropboxToken/function-source.zip","generation":"1752269216671622"}},"environmentVariables":{"GOOGLE_NODE_RUN_SCRIPTS":""},"dockerRepository":"projects/music-sync-99dbb/locations/us-central1/repositories/gcf-artifacts","serviceAccount":"projects/music-sync-99dbb/serviceAccounts/833104619713-compute@developer.gserviceaccount.com","automaticUpdatePolicy":{}},"serviceConfig":{"service":"projects/music-sync-99dbb/locations/us-central1/services/validatedropboxtoken","timeoutSeconds":60,"environmentVariables":{"DROPBOX_ACCESS_TOKEN":"sl.u.AF0I7QpxhrUBD1y106f9IBr0-RohvhkF_d68wUBUzRiCI0XHYg4GisAi_UZ8bUDloRKBAQGuyQhjCPUy-tGwcJQvX0cAJ6Y50jL_mKTH2-VBeTvUu6c05DZBwLUGpcvrKOkJDKGc-ZrSWZiqfc8GMzXt9FL5KsqnwIsOrCTSW2iVmhWDMs_CrFpV-HgjqpB4jlAf0siY8txIjiNhStWJxfykUnYAx87PaRAcUC6rGgAOIGadDxTUjdP1-L6y0W55ksQqyKU6avhl_MFNzruqVJtu1TJLDuuCgUEZIMY0wf64_EoUOlDQGq1kaGuP4VTbEusY0wexBjBhgpMaNXk6agvhR-WsjNi8K4yyg6_blqfMdu8PlfJgIUzehAs39je2pP-WT8lz4Q_IpL6VoWrha55Jwieefm8p9rK1dSoAxMr-LDfZEusy4AEYkGOpwpWa-lhfhKMnVSmym64BsvDrBP4UdeA-0C54QJFrVY_oFTNkM1HtsSU7FTsPkejtRJCkupsbfkGV0-QqpUAc8IB6t_4-5IGsjsxrctuUYA6r923mYR4vWj_80PD6j_enCvTkDicY540otqacwMF1o6MeCbIVpw7YORPtjuEnDwKpSPqqeu01A3lsU_EjLNgbcFjA3Xc0viY4JOmIsXYrF29yKlBY8esNnnpVfumj8UYmPdpHcyOaFGqJubNBhGr4iGr1IaalJbyFmrlpligAmHxUjTlI3FKzNbcQiSIIYc6yjxUSaZ9F249UzigQbGY2z5J5n5bNJxW6rD8y9Hu7AaEJjsHf3LYdKKDMJhWOKj_8cKZQxrjhJhu03kld-1mLZ9Fd2ogkv0X1OLWu11meSX2WYwr-Tq1RhL-p1ZI5DqiJBQXQc_TSKakP4sY6t6H2KyytnVeyyJ37WymEhiyq1xIlcTFopy5AV2gZ7zP44YYGwWE7Fj3UgN6mqo2Mj601xxHE-ImzeW4uAFTD393KWaOzxImq0CCX13v_vNoZ3jw7XKgegI_IvB-0vpEGwO9c4axtMbadYtk7WoLSHzDrUApOXYGyHPO3et0EkIehIZuTHmOsW61efELr1RM_G3Tuv05VDMhiHfTOOwmyUtM6iv6XCs3Gh6qdS67pQG_8yvu-AH9FYZ95MyGFLDYsohNXR-c9_twNxiyQzk_5w5Y9R9pNnvX_qGDqYsulqx6mlaVNQZx2iWqMQHui9olUULKgnBgLHbwc26yL1EHes9c0MKs8sdu2ycbbWGaLmkFlOxkDPDvdHIfPSb432za7wI_HsN3opxEdZGUBToGvgZBjj6Xz3Cbr","FIREBASE_CONFIG":"{\"projectId\":\"music-sync-99dbb\",\"storageBucket\":\"music-sync-99dbb.firebasestorage.app\"}","GCLOUD_PROJECT":"music-sync-99dbb","EVENTARC_CLOUD_EVENT_SOURCE":"projects/music-sync-99dbb/locations/us-central1/services/validateDropboxToken","FUNCTION_TARGET":"validateDropboxToken","LOG_EXECUTION_ID":"true","FUNCTION_SIGNATURE_TYPE":"http"},"maxInstanceCount":10,"ingressSettings":"ALLOW_ALL","uri":"https://validatedropboxtoken-4oudeccelq-uc.a.run.app","serviceAccountEmail":"833104619713-compute@developer.gserviceaccount.com","availableMemory":"256Mi","allTrafficOnLatestRevision":true,"revision":"validatedropboxtoken-00016-faj","maxInstanceRequestConcurrency":80,"availableCpu":"1"},"state":"ACTIVE","updateTime":"2025-07-11T21:27:07.241988847Z","labels":{"firebase-functions-hash":"2cf47f30731b9b06971c6abc99e54cd509fea6ed","deployment-tool":"cli-firebase","deployment-callable":"true"},"environment":"GEN_2","url":"https://us-central1-music-sync-99dbb.cloudfunctions.net/validateDropboxToken","createTime":"2025-07-01T23:53:44.968368391Z","satisfiesPzi":true},{"name":"projects/music-sync-99dbb/locations/us-central1/functions/cleanupExpiredSyncs","buildConfig":{"build":"projects/833104619713/locations/us-central1/builds/8d10cd7d-a561-4bd6-b412-8f8525548939","runtime":"nodejs22","entryPoint":"cleanupExpiredSyncs","source":{"storageSource":{"bucket":"gcf-v2-sources-833104619713-us-central1","object":"cleanupExpiredSyncs/function-source.zip","generation":"1752269216663694"}},"environmentVariables":{"GOOGLE_NODE_RUN_SCRIPTS":""},"dockerRepository":"projects/music-sync-99dbb/locations/us-central1/repositories/gcf-artifacts","serviceAccount":"projects/music-sync-99dbb/serviceAccounts/833104619713-compute@developer.gserviceaccount.com","automaticUpdatePolicy":{}},"serviceConfig":{"service":"projects/music-sync-99dbb/locations/us-central1/services/cleanupexpiredsyncs","timeoutSeconds":60,"environmentVariables":{"DROPBOX_ACCESS_TOKEN":"sl.u.AF0I7QpxhrUBD1y106f9IBr0-RohvhkF_d68wUBUzRiCI0XHYg4GisAi_UZ8bUDloRKBAQGuyQhjCPUy-tGwcJQvX0cAJ6Y50jL_mKTH2-VBeTvUu6c05DZBwLUGpcvrKOkJDKGc-ZrSWZiqfc8GMzXt9FL5KsqnwIsOrCTSW2iVmhWDMs_CrFpV-HgjqpB4jlAf0siY8txIjiNhStWJxfykUnYAx87PaRAcUC6rGgAOIGadDxTUjdP1-L6y0W55ksQqyKU6avhl_MFNzruqVJtu1TJLDuuCgUEZIMY0wf64_EoUOlDQGq1kaGuP4VTbEusY0wexBjBhgpMaNXk6agvhR-WsjNi8K4yyg6_blqfMdu8PlfJgIUzehAs39je2pP-WT8lz4Q_IpL6VoWrha55Jwieefm8p9rK1dSoAxMr-LDfZEusy4AEYkGOpwpWa-lhfhKMnVSmym64BsvDrBP4UdeA-0C54QJFrVY_oFTNkM1HtsSU7FTsPkejtRJCkupsbfkGV0-QqpUAc8IB6t_4-5IGsjsxrctuUYA6r923mYR4vWj_80PD6j_enCvTkDicY540otqacwMF1o6MeCbIVpw7YORPtjuEnDwKpSPqqeu01A3lsU_EjLNgbcFjA3Xc0viY4JOmIsXYrF29yKlBY8esNnnpVfumj8UYmPdpHcyOaFGqJubNBhGr4iGr1IaalJbyFmrlpligAmHxUjTlI3FKzNbcQiSIIYc6yjxUSaZ9F249UzigQbGY2z5J5n5bNJxW6rD8y9Hu7AaEJjsHf3LYdKKDMJhWOKj_8cKZQxrjhJhu03kld-1mLZ9Fd2ogkv0X1OLWu11meSX2WYwr-Tq1RhL-p1ZI5DqiJBQXQc_TSKakP4sY6t6H2KyytnVeyyJ37WymEhiyq1xIlcTFopy5AV2gZ7zP44YYGwWE7Fj3UgN6mqo2Mj601xxHE-ImzeW4uAFTD393KWaOzxImq0CCX13v_vNoZ3jw7XKgegI_IvB-0vpEGwO9c4axtMbadYtk7WoLSHzDrUApOXYGyHPO3et0EkIehIZuTHmOsW61efELr1RM_G3Tuv05VDMhiHfTOOwmyUtM6iv6XCs3Gh6qdS67pQG_8yvu-AH9FYZ95MyGFLDYsohNXR-c9_twNxiyQzk_5w5Y9R9pNnvX_qGDqYsulqx6mlaVNQZx2iWqMQHui9olUULKgnBgLHbwc26yL1EHes9c0MKs8sdu2ycbbWGaLmkFlOxkDPDvdHIfPSb432za7wI_HsN3opxEdZGUBToGvgZBjj6Xz3Cbr","FIREBASE_CONFIG":"{\"projectId\":\"music-sync-99dbb\",\"storageBucket\":\"music-sync-99dbb.firebasestorage.app\"}","GCLOUD_PROJECT":"music-sync-99dbb","EVENTARC_CLOUD_EVENT_SOURCE":"projects/music-sync-99dbb/locations/us-central1/services/cleanupExpiredSyncs","FUNCTION_TARGET":"cleanupExpiredSyncs","LOG_EXECUTION_ID":"true","FUNCTION_SIGNATURE_TYPE":"http"},"maxInstanceCount":10,"ingressSettings":"ALLOW_ALL","uri":"https://cleanupexpiredsyncs-4oudeccelq-uc.a.run.app","serviceAccountEmail":"833104619713-compute@developer.gserviceaccount.com","availableMemory":"256Mi","allTrafficOnLatestRevision":true,"revision":"cleanupexpiredsyncs-00016-sir","maxInstanceRequestConcurrency":80,"availableCpu":"1"},"state":"ACTIVE","updateTime":"2025-07-11T21:27:08.917798371Z","labels":{"firebase-functions-hash":"2cf47f30731b9b06971c6abc99e54cd509fea6ed","deployment-tool":"cli-firebase","deployment-scheduled":"true"},"environment":"GEN_2","url":"https://us-central1-music-sync-99dbb.cloudfunctions.net/cleanupExpiredSyncs","createTime":"2025-07-01T23:53:44.959363317Z","satisfiesPzi":true}]}
[info] i  functions: ensuring required API cloudscheduler.googleapis.com is enabled... 
[info] i  functions: ensuring required API run.googleapis.com is enabled... 
[info] i  functions: ensuring required API eventarc.googleapis.com is enabled... 
[info] i  functions: ensuring required API pubsub.googleapis.com is enabled... 
[info] i  functions: ensuring required API storage.googleapis.com is enabled... 
[info] i  functions: generating the service identity for pubsub.googleapis.com... 
[debug] [2025-07-11T21:41:35.194Z] Checked if tokens are valid: true, expires at: 1752272717804
[debug] [2025-07-11T21:41:35.194Z] Checked if tokens are valid: true, expires at: 1752272717804
[info] i  functions: generating the service identity for eventarc.googleapis.com... 
[debug] [2025-07-11T21:41:35.194Z] Checked if tokens are valid: true, expires at: 1752272717804
[debug] [2025-07-11T21:41:35.194Z] Checked if tokens are valid: true, expires at: 1752272717804
[debug] [2025-07-11T21:41:35.194Z] >>> [apiv2][query] POST https://serviceusage.googleapis.com/v1beta1/projects/833104619713/services/pubsub.googleapis.com:generateServiceIdentity [none]
[debug] [2025-07-11T21:41:35.194Z] >>> [apiv2][(partial)header] POST https://serviceusage.googleapis.com/v1beta1/projects/833104619713/services/pubsub.googleapis.com:generateServiceIdentity x-goog-quota-user=projects/833104619713
[debug] [2025-07-11T21:41:35.194Z] >>> [apiv2][body] POST https://serviceusage.googleapis.com/v1beta1/projects/833104619713/services/pubsub.googleapis.com:generateServiceIdentity {}
[debug] [2025-07-11T21:41:35.195Z] >>> [apiv2][query] POST https://serviceusage.googleapis.com/v1beta1/projects/833104619713/services/eventarc.googleapis.com:generateServiceIdentity [none]
[debug] [2025-07-11T21:41:35.195Z] >>> [apiv2][(partial)header] POST https://serviceusage.googleapis.com/v1beta1/projects/833104619713/services/eventarc.googleapis.com:generateServiceIdentity x-goog-quota-user=projects/833104619713
[debug] [2025-07-11T21:41:35.195Z] >>> [apiv2][body] POST https://serviceusage.googleapis.com/v1beta1/projects/833104619713/services/eventarc.googleapis.com:generateServiceIdentity {}
[debug] [2025-07-11T21:41:36.298Z] <<< [apiv2][status] POST https://serviceusage.googleapis.com/v1beta1/projects/833104619713/services/pubsub.googleapis.com:generateServiceIdentity 200
[debug] [2025-07-11T21:41:36.298Z] <<< [apiv2][body] POST https://serviceusage.googleapis.com/v1beta1/projects/833104619713/services/pubsub.googleapis.com:generateServiceIdentity {"name":"operations/finished.DONE_OPERATION","done":true,"response":{"@type":"type.googleapis.com/google.api.serviceusage.v1beta1.ServiceIdentity","email":"service-833104619713@gcp-sa-pubsub.iam.gserviceaccount.com","uniqueId":"116121171060675737344"}}
[debug] [2025-07-11T21:41:36.377Z] <<< [apiv2][status] POST https://serviceusage.googleapis.com/v1beta1/projects/833104619713/services/eventarc.googleapis.com:generateServiceIdentity 200
[debug] [2025-07-11T21:41:36.377Z] <<< [apiv2][body] POST https://serviceusage.googleapis.com/v1beta1/projects/833104619713/services/eventarc.googleapis.com:generateServiceIdentity {"name":"operations/finished.DONE_OPERATION","done":true,"response":{"@type":"type.googleapis.com/google.api.serviceusage.v1beta1.ServiceIdentity","email":"service-833104619713@gcp-sa-eventarc.iam.gserviceaccount.com","uniqueId":"109205651878106049109"}}
[info] i  functions: ensuring required API secretmanager.googleapis.com is enabled... 
[debug] [2025-07-11T21:41:36.380Z] Checked if tokens are valid: true, expires at: 1752272717804
[debug] [2025-07-11T21:41:36.380Z] Checked if tokens are valid: true, expires at: 1752272717804
[debug] [2025-07-11T21:41:36.380Z] Checked if tokens are valid: true, expires at: 1752272717804
[debug] [2025-07-11T21:41:36.380Z] Checked if tokens are valid: true, expires at: 1752272717804
[debug] [2025-07-11T21:41:36.380Z] Checked if tokens are valid: true, expires at: 1752272717804
[debug] [2025-07-11T21:41:36.380Z] Checked if tokens are valid: true, expires at: 1752272717804
[debug] [2025-07-11T21:41:36.380Z] Checked if tokens are valid: true, expires at: 1752272717804
[debug] [2025-07-11T21:41:36.380Z] Checked if tokens are valid: true, expires at: 1752272717804
[debug] [2025-07-11T21:41:36.381Z] >>> [apiv2][query] GET https://secretmanager.googleapis.com/v1/projects/music-sync-99dbb/secrets/DROPBOX_ACCESS_TOKEN/versions/latest [none]
[debug] [2025-07-11T21:41:36.382Z] >>> [apiv2][query] GET https://secretmanager.googleapis.com/v1/projects/music-sync-99dbb/secrets/DROPBOX_REFRESH_TOKEN/versions/latest [none]
[debug] [2025-07-11T21:41:36.383Z] >>> [apiv2][query] GET https://secretmanager.googleapis.com/v1/projects/music-sync-99dbb/secrets/DROPBOX_APP_KEY/versions/latest [none]
[debug] [2025-07-11T21:41:36.383Z] >>> [apiv2][query] GET https://secretmanager.googleapis.com/v1/projects/music-sync-99dbb/secrets/DROPBOX_APP_SECRET/versions/latest [none]
[debug] [2025-07-11T21:41:36.577Z] <<< [apiv2][status] GET https://secretmanager.googleapis.com/v1/projects/music-sync-99dbb/secrets/DROPBOX_APP_SECRET/versions/latest 200
[debug] [2025-07-11T21:41:36.577Z] <<< [apiv2][body] GET https://secretmanager.googleapis.com/v1/projects/music-sync-99dbb/secrets/DROPBOX_APP_SECRET/versions/latest {"name":"projects/833104619713/secrets/DROPBOX_APP_SECRET/versions/1","createTime":"2025-07-11T21:38:46.338535Z","state":"ENABLED","replicationStatus":{"automatic":{}},"etag":"\"1639ae22828fe7\""}
[debug] [2025-07-11T21:41:36.578Z] Resolved secret version of DROPBOX_APP_SECRET to 1.
[debug] [2025-07-11T21:41:36.609Z] <<< [apiv2][status] GET https://secretmanager.googleapis.com/v1/projects/music-sync-99dbb/secrets/DROPBOX_ACCESS_TOKEN/versions/latest 200
[debug] [2025-07-11T21:41:36.609Z] <<< [apiv2][body] GET https://secretmanager.googleapis.com/v1/projects/music-sync-99dbb/secrets/DROPBOX_ACCESS_TOKEN/versions/latest {"name":"projects/833104619713/secrets/DROPBOX_ACCESS_TOKEN/versions/1","createTime":"2025-07-11T21:28:56.714219Z","state":"ENABLED","replicationStatus":{"automatic":{}},"etag":"\"1639adff5d9beb\""}
[debug] [2025-07-11T21:41:36.609Z] Resolved secret version of DROPBOX_ACCESS_TOKEN to 1.
[debug] [2025-07-11T21:41:36.652Z] <<< [apiv2][status] GET https://secretmanager.googleapis.com/v1/projects/music-sync-99dbb/secrets/DROPBOX_REFRESH_TOKEN/versions/latest 200
[debug] [2025-07-11T21:41:36.652Z] <<< [apiv2][body] GET https://secretmanager.googleapis.com/v1/projects/music-sync-99dbb/secrets/DROPBOX_REFRESH_TOKEN/versions/latest {"name":"projects/833104619713/secrets/DROPBOX_REFRESH_TOKEN/versions/1","createTime":"2025-07-11T21:31:47.809165Z","state":"ENABLED","replicationStatus":{"automatic":{}},"etag":"\"1639ae09904f8d\""}
[debug] [2025-07-11T21:41:36.652Z] Resolved secret version of DROPBOX_REFRESH_TOKEN to 1.
[debug] [2025-07-11T21:41:37.244Z] <<< [apiv2][status] GET https://secretmanager.googleapis.com/v1/projects/music-sync-99dbb/secrets/DROPBOX_APP_KEY/versions/latest 200
[debug] [2025-07-11T21:41:37.244Z] <<< [apiv2][body] GET https://secretmanager.googleapis.com/v1/projects/music-sync-99dbb/secrets/DROPBOX_APP_KEY/versions/latest {"name":"projects/833104619713/secrets/DROPBOX_APP_KEY/versions/1","createTime":"2025-07-11T21:33:08.858336Z","state":"ENABLED","replicationStatus":{"automatic":{}},"etag":"\"1639ae0e6505e0\""}
[debug] [2025-07-11T21:41:37.244Z] Resolved secret version of DROPBOX_APP_KEY to 1.
[debug] [2025-07-11T21:41:37.246Z] Checked if tokens are valid: true, expires at: 1752272717804
[debug] [2025-07-11T21:41:37.246Z] Checked if tokens are valid: true, expires at: 1752272717804
[debug] [2025-07-11T21:41:37.246Z] >>> [apiv2][query] GET https://cloudresourcemanager.googleapis.com/v1/projects/music-sync-99dbb [none]
[debug] [2025-07-11T21:41:37.470Z] <<< [apiv2][status] GET https://cloudresourcemanager.googleapis.com/v1/projects/music-sync-99dbb 200
[debug] [2025-07-11T21:41:37.470Z] <<< [apiv2][body] GET https://cloudresourcemanager.googleapis.com/v1/projects/music-sync-99dbb {"projectNumber":"833104619713","projectId":"music-sync-99dbb","lifecycleState":"ACTIVE","name":"Music-Sync","labels":{"firebase":"enabled","firebase-core":"disabled"},"createTime":"2025-07-01T21:37:38.369804Z"}
[debug] [2025-07-11T21:41:37.471Z] Checked if tokens are valid: true, expires at: 1752272717804
[debug] [2025-07-11T21:41:37.471Z] Checked if tokens are valid: true, expires at: 1752272717804
[debug] [2025-07-11T21:41:37.471Z] >>> [apiv2][query] GET https://compute.googleapis.com/compute/v1/projects/833104619713 [none]
[debug] [2025-07-11T21:41:37.837Z] <<< [apiv2][status] GET https://compute.googleapis.com/compute/v1/projects/833104619713 200
[debug] [2025-07-11T21:41:37.838Z] <<< [apiv2][body] GET https://compute.googleapis.com/compute/v1/projects/833104619713 {"kind":"compute#project","id":"1096445685618304180","creationTimestamp":"2025-07-01T14:59:55.892-07:00","name":"music-sync-99dbb","commonInstanceMetadata":{"kind":"compute#metadata","fingerprint":"G-gj67LGd3M="},"quotas":[{"metric":"SNAPSHOTS","limit":1000,"usage":0},{"metric":"NETWORKS","limit":5,"usage":1},{"metric":"FIREWALLS","limit":100,"usage":4},{"metric":"IMAGES","limit":100,"usage":0},{"metric":"STATIC_ADDRESSES","limit":8,"usage":0},{"metric":"ROUTES","limit":200,"usage":0},{"metric":"FORWARDING_RULES","limit":15,"usage":0},{"metric":"TARGET_POOLS","limit":50,"usage":0},{"metric":"HEALTH_CHECKS","limit":75,"usage":0},{"metric":"IN_USE_ADDRESSES","limit":8,"usage":0},{"metric":"TARGET_INSTANCES","limit":50,"usage":0},{"metric":"TARGET_HTTP_PROXIES","limit":10,"usage":0},{"metric":"URL_MAPS","limit":10,"usage":0},{"metric":"BACKEND_SERVICES","limit":50,"usage":0},{"metric":"INSTANCE_TEMPLATES","limit":100,"usage":0},{"metric":"TARGET_VPN_GATEWAYS","limit":5,"usage":0},{"metric":"VPN_TUNNELS","limit":10,"usage":0},{"metric":"BACKEND_BUCKETS","limit":3,"usage":0},{"metric":"ROUTERS","limit":10,"usage":0},{"metric":"TARGET_SSL_PROXIES","limit":10,"usage":0},{"metric":"TARGET_HTTPS_PROXIES","limit":10,"usage":0},{"metric":"SSL_CERTIFICATES","limit":10,"usage":0},{"metric":"SUBNETWORKS","limit":100,"usage":0},{"metric":"TARGET_TCP_PROXIES","limit":10,"usage":0},{"metric":"CPUS_ALL_REGIONS","limit":24,"usage":0},{"metric":"SECURITY_POLICIES","limit":10,"usage":0},{"metric":"SECURITY_POLICY_RULES","limit":100,"usage":0},{"metric":"XPN_SERVICE_PROJECTS","limit":1000,"usage":0},{"metric":"PACKET_MIRRORINGS","limit":20,"usage":0},{"metric":"NETWORK_ENDPOINT_GROUPS","limit":100,"usage":0},{"metric":"INTERCONNECTS","limit":6,"usage":0},{"metric":"SSL_POLICIES","limit":10,"usage":0},{"metric":"GLOBAL_INTERNAL_ADDRESSES","limit":5000,"usage":0},{"metric":"VPN_GATEWAYS","limit":5,"usage":0},{"metric":"MACHINE_IMAGES","limit":100,"usage":0},{"metric":"SECURITY_POLICY_CEVAL_RULES","limit":20,"usage":0},{"metric":"GPUS_ALL_REGIONS","limit":0,"usage":0},{"metric":"EXTERNAL_VPN_GATEWAYS","limit":5,"usage":0},{"metric":"PUBLIC_ADVERTISED_PREFIXES","limit":1,"usage":0},{"metric":"PUBLIC_DELEGATED_PREFIXES","limit":10,"usage":0},{"metric":"STATIC_BYOIP_ADDRESSES","limit":128,"usage":0},{"metric":"NETWORK_FIREWALL_POLICIES","limit":10,"usage":0},{"metric":"INTERNAL_TRAFFIC_DIRECTOR_FORWARDING_RULES","limit":15,"usage":0},{"metric":"GLOBAL_EXTERNAL_MANAGED_FORWARDING_RULES","limit":15,"usage":0},{"metric":"GLOBAL_INTERNAL_MANAGED_BACKEND_SERVICES","limit":50,"usage":0},{"metric":"GLOBAL_EXTERNAL_MANAGED_BACKEND_SERVICES","limit":50,"usage":0},{"metric":"GLOBAL_EXTERNAL_PROXY_LB_BACKEND_SERVICES","limit":50,"usage":0},{"metric":"GLOBAL_INTERNAL_TRAFFIC_DIRECTOR_BACKEND_SERVICES","limit":250,"usage":0}],"selfLink":"https://www.googleapis.com/compute/v1/projects/music-sync-99dbb","defaultServiceAccount":"833104619713-compute@developer.gserviceaccount.com","xpnProjectStatus":"UNSPECIFIED_XPN_PROJECT_STATUS","defaultNetworkTier":"PREMIUM","vmDnsSetting":"ZONAL_ONLY","cloudArmorTier":"CA_STANDARD"}
[info] i  functions: ensuring 833104619713-compute@developer.gserviceaccount.com access to secret DROPBOX_ACCESS_TOKEN. 
[debug] [2025-07-11T21:41:37.839Z] Checked if tokens are valid: true, expires at: 1752272717804
[debug] [2025-07-11T21:41:37.839Z] Checked if tokens are valid: true, expires at: 1752272717804
[info] i  functions: ensuring 833104619713-compute@developer.gserviceaccount.com access to secret DROPBOX_REFRESH_TOKEN. 
[debug] [2025-07-11T21:41:37.839Z] Checked if tokens are valid: true, expires at: 1752272717804
[debug] [2025-07-11T21:41:37.839Z] Checked if tokens are valid: true, expires at: 1752272717804
[info] i  functions: ensuring 833104619713-compute@developer.gserviceaccount.com access to secret DROPBOX_APP_KEY. 
[debug] [2025-07-11T21:41:37.839Z] Checked if tokens are valid: true, expires at: 1752272717804
[debug] [2025-07-11T21:41:37.839Z] Checked if tokens are valid: true, expires at: 1752272717804
[info] i  functions: ensuring 833104619713-compute@developer.gserviceaccount.com access to secret DROPBOX_APP_SECRET. 
[debug] [2025-07-11T21:41:37.839Z] Checked if tokens are valid: true, expires at: 1752272717804
[debug] [2025-07-11T21:41:37.839Z] Checked if tokens are valid: true, expires at: 1752272717804
[debug] [2025-07-11T21:41:37.839Z] >>> [apiv2][query] GET https://secretmanager.googleapis.com/v1/projects/music-sync-99dbb/secrets/DROPBOX_ACCESS_TOKEN:getIamPolicy [none]
[debug] [2025-07-11T21:41:37.840Z] >>> [apiv2][query] GET https://secretmanager.googleapis.com/v1/projects/music-sync-99dbb/secrets/DROPBOX_REFRESH_TOKEN:getIamPolicy [none]
[debug] [2025-07-11T21:41:37.840Z] >>> [apiv2][query] GET https://secretmanager.googleapis.com/v1/projects/music-sync-99dbb/secrets/DROPBOX_APP_KEY:getIamPolicy [none]
[debug] [2025-07-11T21:41:37.840Z] >>> [apiv2][query] GET https://secretmanager.googleapis.com/v1/projects/music-sync-99dbb/secrets/DROPBOX_APP_SECRET:getIamPolicy [none]
[debug] [2025-07-11T21:41:38.259Z] <<< [apiv2][status] GET https://secretmanager.googleapis.com/v1/projects/music-sync-99dbb/secrets/DROPBOX_APP_KEY:getIamPolicy 200
[debug] [2025-07-11T21:41:38.259Z] <<< [apiv2][body] GET https://secretmanager.googleapis.com/v1/projects/music-sync-99dbb/secrets/DROPBOX_APP_KEY:getIamPolicy {"version":1,"etag":"BwY5riV+4IY=","bindings":[{"role":"roles/secretmanager.secretAccessor","members":["serviceAccount:833104619713-compute@developer.gserviceaccount.com"]}]}
[info] ✔  secretmanager: Granted roles/secretmanager.secretAccessor on projects/music-sync-99dbb/secrets/DROPBOX_APP_KEY to 833104619713-compute@developer.gserviceaccount.com 
[info] ✔  functions: ensured 833104619713-compute@developer.gserviceaccount.com access to DROPBOX_APP_KEY. 
[debug] [2025-07-11T21:41:38.261Z] <<< [apiv2][status] GET https://secretmanager.googleapis.com/v1/projects/music-sync-99dbb/secrets/DROPBOX_APP_SECRET:getIamPolicy 200
[debug] [2025-07-11T21:41:38.262Z] <<< [apiv2][body] GET https://secretmanager.googleapis.com/v1/projects/music-sync-99dbb/secrets/DROPBOX_APP_SECRET:getIamPolicy {"version":1,"etag":"BwY5riV1xWQ=","bindings":[{"role":"roles/secretmanager.secretAccessor","members":["serviceAccount:833104619713-compute@developer.gserviceaccount.com"]}]}
[info] ✔  secretmanager: Granted roles/secretmanager.secretAccessor on projects/music-sync-99dbb/secrets/DROPBOX_APP_SECRET to 833104619713-compute@developer.gserviceaccount.com 
[info] ✔  functions: ensured 833104619713-compute@developer.gserviceaccount.com access to DROPBOX_APP_SECRET. 
[debug] [2025-07-11T21:41:38.263Z] <<< [apiv2][status] GET https://secretmanager.googleapis.com/v1/projects/music-sync-99dbb/secrets/DROPBOX_REFRESH_TOKEN:getIamPolicy 200
[debug] [2025-07-11T21:41:38.263Z] <<< [apiv2][body] GET https://secretmanager.googleapis.com/v1/projects/music-sync-99dbb/secrets/DROPBOX_REFRESH_TOKEN:getIamPolicy {"version":1,"etag":"BwY5riV4OqY=","bindings":[{"role":"roles/secretmanager.secretAccessor","members":["serviceAccount:833104619713-compute@developer.gserviceaccount.com"]}]}
[info] ✔  secretmanager: Granted roles/secretmanager.secretAccessor on projects/music-sync-99dbb/secrets/DROPBOX_REFRESH_TOKEN to 833104619713-compute@developer.gserviceaccount.com 
[info] ✔  functions: ensured 833104619713-compute@developer.gserviceaccount.com access to DROPBOX_REFRESH_TOKEN. 
[debug] [2025-07-11T21:41:38.267Z] <<< [apiv2][status] GET https://secretmanager.googleapis.com/v1/projects/music-sync-99dbb/secrets/DROPBOX_ACCESS_TOKEN:getIamPolicy 200
[debug] [2025-07-11T21:41:38.267Z] <<< [apiv2][body] GET https://secretmanager.googleapis.com/v1/projects/music-sync-99dbb/secrets/DROPBOX_ACCESS_TOKEN:getIamPolicy {"version":1,"etag":"BwY5riV5DPM=","bindings":[{"role":"roles/secretmanager.secretAccessor","members":["serviceAccount:833104619713-compute@developer.gserviceaccount.com"]}]}
[info] ✔  secretmanager: Granted roles/secretmanager.secretAccessor on projects/music-sync-99dbb/secrets/DROPBOX_ACCESS_TOKEN to 833104619713-compute@developer.gserviceaccount.com 
[info] ✔  functions: ensured 833104619713-compute@developer.gserviceaccount.com access to DROPBOX_ACCESS_TOKEN. 
[debug] [2025-07-11T21:41:38.269Z] Checked if tokens are valid: true, expires at: 1752272717804
[debug] [2025-07-11T21:41:38.269Z] Checked if tokens are valid: true, expires at: 1752272717804
[debug] [2025-07-11T21:41:38.269Z] >>> [apiv2][query] GET https://cloudbilling.googleapis.com/v1/projects/music-sync-99dbb/billingInfo [none]
[debug] [2025-07-11T21:41:39.016Z] <<< [apiv2][status] GET https://cloudbilling.googleapis.com/v1/projects/music-sync-99dbb/billingInfo 200
[debug] [2025-07-11T21:41:39.016Z] <<< [apiv2][body] GET https://cloudbilling.googleapis.com/v1/projects/music-sync-99dbb/billingInfo {"name":"projects/music-sync-99dbb/billingInfo","projectId":"music-sync-99dbb","billingAccountName":"billingAccounts/010002-7EEC91-0C43F4","billingEnabled":true}
[debug] [2025-07-11T21:41:39.017Z] [functions] found 1 new HTTP functions, testing setIamPolicy permission...
[debug] [2025-07-11T21:41:39.017Z] Checked if tokens are valid: true, expires at: 1752272717804
[debug] [2025-07-11T21:41:39.017Z] Checked if tokens are valid: true, expires at: 1752272717804
[debug] [2025-07-11T21:41:39.017Z] >>> [apiv2][query] POST https://cloudresourcemanager.googleapis.com/v1/projects/music-sync-99dbb:testIamPermissions [none]
[debug] [2025-07-11T21:41:39.017Z] >>> [apiv2][(partial)header] POST https://cloudresourcemanager.googleapis.com/v1/projects/music-sync-99dbb:testIamPermissions x-goog-quota-user=projects/music-sync-99dbb
[debug] [2025-07-11T21:41:39.017Z] >>> [apiv2][body] POST https://cloudresourcemanager.googleapis.com/v1/projects/music-sync-99dbb:testIamPermissions {"permissions":["cloudfunctions.functions.setIamPolicy"]}
[debug] [2025-07-11T21:41:39.199Z] <<< [apiv2][status] POST https://cloudresourcemanager.googleapis.com/v1/projects/music-sync-99dbb:testIamPermissions 200
[debug] [2025-07-11T21:41:39.200Z] <<< [apiv2][body] POST https://cloudresourcemanager.googleapis.com/v1/projects/music-sync-99dbb:testIamPermissions {"permissions":["cloudfunctions.functions.setIamPolicy"]}
[debug] [2025-07-11T21:41:39.200Z] [functions] found setIamPolicy permission, proceeding with deploy
[debug] [2025-07-11T21:41:39.201Z] Checked if tokens are valid: true, expires at: 1752272717804
[debug] [2025-07-11T21:41:39.201Z] Checked if tokens are valid: true, expires at: 1752272717804
[debug] [2025-07-11T21:41:39.201Z] >>> [apiv2][query] POST https://cloudfunctions.googleapis.com/v2/projects/music-sync-99dbb/locations/us-central1/functions:generateUploadUrl [none]
[debug] [2025-07-11T21:41:40.021Z] <<< [apiv2][status] POST https://cloudfunctions.googleapis.com/v2/projects/music-sync-99dbb/locations/us-central1/functions:generateUploadUrl 200
[debug] [2025-07-11T21:41:40.021Z] <<< [apiv2][body] POST https://cloudfunctions.googleapis.com/v2/projects/music-sync-99dbb/locations/us-central1/functions:generateUploadUrl {"uploadUrl":"https://storage.googleapis.com/gcf-v2-uploads-833104619713.us-central1.cloudfunctions.appspot.com/9a534ce1-a288-492f-8f65-5c87c2378408.zip?GoogleAccessId=service-833104619713@gcf-admin-robot.iam.gserviceaccount.com&Expires=1752271899&Signature=LvuSuapj3%2Bf5Xrah1YVM37oTaJL4VAcF6ivIwCIF0ognhVRKzY5My16jdW9bYVQOnILAVqr%2FNEiiZjlqphoT4QQ136lNnYk6PJvCEZFr3ll1LejT4u1zu%2BvCxN3zCzaknihr6VpfjIk%2B32RXYKogksXi%2BsdCAZoRtvF7hFbPC8g59FQgJTsyw1aurT6qBxw2WfjXYb6oggHKrtF0uCqmdkrIx3QxacYAnkxM62o2V6q8qhTE%2F%2FpZueT%2B0y%2FrO3ho9I68vjCYPotTi3Io99pwiu8bNSOLrMuiZotbmP13OxtML%2FUpSgFOfMmVY6He%2FS0oxgPKZtUPiJdMpqOKE2RshQ%3D%3D","storageSource":{"bucket":"gcf-v2-uploads-833104619713.us-central1.cloudfunctions.appspot.com","object":"9a534ce1-a288-492f-8f65-5c87c2378408.zip"}}
[debug] [2025-07-11T21:41:40.023Z] >>> [apiv2][query] PUT https://storage.googleapis.com/gcf-v2-uploads-833104619713.us-central1.cloudfunctions.appspot.com/9a534ce1-a288-492f-8f65-5c87c2378408.zip GoogleAccessId=service-833104619713%40gcf-admin-robot.iam.gserviceaccount.com&Expires=1752271899&Signature=LvuSuapj3%2Bf5Xrah1YVM37oTaJL4VAcF6ivIwCIF0ognhVRKzY5My16jdW9bYVQOnILAVqr%2FNEiiZjlqphoT4QQ136lNnYk6PJvCEZFr3ll1LejT4u1zu%2BvCxN3zCzaknihr6VpfjIk%2B32RXYKogksXi%2BsdCAZoRtvF7hFbPC8g59FQgJTsyw1aurT6qBxw2WfjXYb6oggHKrtF0uCqmdkrIx3QxacYAnkxM62o2V6q8qhTE%2F%2FpZueT%2B0y%2FrO3ho9I68vjCYPotTi3Io99pwiu8bNSOLrMuiZotbmP13OxtML%2FUpSgFOfMmVY6He%2FS0oxgPKZtUPiJdMpqOKE2RshQ%3D%3D
[debug] [2025-07-11T21:41:40.023Z] >>> [apiv2][body] PUT https://storage.googleapis.com/gcf-v2-uploads-833104619713.us-central1.cloudfunctions.appspot.com/9a534ce1-a288-492f-8f65-5c87c2378408.zip [stream]
[debug] [2025-07-11T21:41:40.664Z] <<< [apiv2][status] PUT https://storage.googleapis.com/gcf-v2-uploads-833104619713.us-central1.cloudfunctions.appspot.com/9a534ce1-a288-492f-8f65-5c87c2378408.zip 200
[debug] [2025-07-11T21:41:40.665Z] <<< [apiv2][body] PUT https://storage.googleapis.com/gcf-v2-uploads-833104619713.us-central1.cloudfunctions.appspot.com/9a534ce1-a288-492f-8f65-5c87c2378408.zip [omitted]
[info] ✔  functions: functions folder uploaded successfully 
[info] i  functions: creating Node.js 22 (2nd Gen) function api(us-central1)... 
[debug] [2025-07-11T21:41:40.670Z] Checked if tokens are valid: true, expires at: 1752272717804
[debug] [2025-07-11T21:41:40.670Z] Checked if tokens are valid: true, expires at: 1752272717804
[debug] [2025-07-11T21:41:40.670Z] >>> [apiv2][query] POST https://cloudfunctions.googleapis.com/v2/projects/music-sync-99dbb/locations/us-central1/functions functionId=api
[debug] [2025-07-11T21:41:40.670Z] >>> [apiv2][body] POST https://cloudfunctions.googleapis.com/v2/projects/music-sync-99dbb/locations/us-central1/functions {"name":"projects/music-sync-99dbb/locations/us-central1/functions/api","buildConfig":{"runtime":"nodejs22","entryPoint":"api","source":{"storageSource":{"bucket":"gcf-v2-uploads-833104619713.us-central1.cloudfunctions.appspot.com","object":"9a534ce1-a288-492f-8f65-5c87c2378408.zip"}},"environmentVariables":{"GOOGLE_NODE_RUN_SCRIPTS":""}},"serviceConfig":{"environmentVariables":{"DROPBOX_ACCESS_TOKEN":"sl.u.AF0I7QpxhrUBD1y106f9IBr0-RohvhkF_d68wUBUzRiCI0XHYg4GisAi_UZ8bUDloRKBAQGuyQhjCPUy-tGwcJQvX0cAJ6Y50jL_mKTH2-VBeTvUu6c05DZBwLUGpcvrKOkJDKGc-ZrSWZiqfc8GMzXt9FL5KsqnwIsOrCTSW2iVmhWDMs_CrFpV-HgjqpB4jlAf0siY8txIjiNhStWJxfykUnYAx87PaRAcUC6rGgAOIGadDxTUjdP1-L6y0W55ksQqyKU6avhl_MFNzruqVJtu1TJLDuuCgUEZIMY0wf64_EoUOlDQGq1kaGuP4VTbEusY0wexBjBhgpMaNXk6agvhR-WsjNi8K4yyg6_blqfMdu8PlfJgIUzehAs39je2pP-WT8lz4Q_IpL6VoWrha55Jwieefm8p9rK1dSoAxMr-LDfZEusy4AEYkGOpwpWa-lhfhKMnVSmym64BsvDrBP4UdeA-0C54QJFrVY_oFTNkM1HtsSU7FTsPkejtRJCkupsbfkGV0-QqpUAc8IB6t_4-5IGsjsxrctuUYA6r923mYR4vWj_80PD6j_enCvTkDicY540otqacwMF1o6MeCbIVpw7YORPtjuEnDwKpSPqqeu01A3lsU_EjLNgbcFjA3Xc0viY4JOmIsXYrF29yKlBY8esNnnpVfumj8UYmPdpHcyOaFGqJubNBhGr4iGr1IaalJbyFmrlpligAmHxUjTlI3FKzNbcQiSIIYc6yjxUSaZ9F249UzigQbGY2z5J5n5bNJxW6rD8y9Hu7AaEJjsHf3LYdKKDMJhWOKj_8cKZQxrjhJhu03kld-1mLZ9Fd2ogkv0X1OLWu11meSX2WYwr-Tq1RhL-p1ZI5DqiJBQXQc_TSKakP4sY6t6H2KyytnVeyyJ37WymEhiyq1xIlcTFopy5AV2gZ7zP44YYGwWE7Fj3UgN6mqo2Mj601xxHE-ImzeW4uAFTD393KWaOzxImq0CCX13v_vNoZ3jw7XKgegI_IvB-0vpEGwO9c4axtMbadYtk7WoLSHzDrUApOXYGyHPO3et0EkIehIZuTHmOsW61efELr1RM_G3Tuv05VDMhiHfTOOwmyUtM6iv6XCs3Gh6qdS67pQG_8yvu-AH9FYZ95MyGFLDYsohNXR-c9_twNxiyQzk_5w5Y9R9pNnvX_qGDqYsulqx6mlaVNQZx2iWqMQHui9olUULKgnBgLHbwc26yL1EHes9c0MKs8sdu2ycbbWGaLmkFlOxkDPDvdHIfPSb432za7wI_HsN3opxEdZGUBToGvgZBjj6Xz3Cbr","FIREBASE_CONFIG":"{\"projectId\":\"music-sync-99dbb\",\"storageBucket\":\"music-sync-99dbb.firebasestorage.app\"}","GCLOUD_PROJECT":"music-sync-99dbb","EVENTARC_CLOUD_EVENT_SOURCE":"projects/music-sync-99dbb/locations/us-central1/services/api","FUNCTION_TARGET":"api","LOG_EXECUTION_ID":"true"},"secretEnvironmentVariables":[{"key":"DROPBOX_ACCESS_TOKEN","secret":"DROPBOX_ACCESS_TOKEN","projectId":"music-sync-99dbb","version":"1"},{"key":"DROPBOX_REFRESH_TOKEN","secret":"DROPBOX_REFRESH_TOKEN","projectId":"music-sync-99dbb","version":"1"},{"key":"DROPBOX_APP_KEY","secret":"DROPBOX_APP_KEY","projectId":"music-sync-99dbb","version":"1"},{"key":"DROPBOX_APP_SECRET","secret":"DROPBOX_APP_SECRET","projectId":"music-sync-99dbb","version":"1"}],"ingressSettings":null,"timeoutSeconds":null,"serviceAccountEmail":null,"availableMemory":"256Mi","minInstanceCount":null,"maxInstanceCount":10,"maxInstanceRequestConcurrency":80,"availableCpu":"1","vpcConnector":null,"vpcConnectorEgressSettings":null},"labels":{"deployment-tool":"cli-firebase","firebase-functions-hash":"26836ea99c84ab741a809ab73c3973b5479136c2"}}
[debug] [2025-07-11T21:41:41.888Z] <<< [apiv2][status] POST https://cloudfunctions.googleapis.com/v2/projects/music-sync-99dbb/locations/us-central1/functions 400
[debug] [2025-07-11T21:41:41.888Z] <<< [apiv2][body] POST https://cloudfunctions.googleapis.com/v2/projects/music-sync-99dbb/locations/us-central1/functions {"error":{"code":400,"message":"Could not create Cloud Run service api. spec.template.spec.containers[0].env: Secret environment variable overlaps non secret environment variable: DROPBOX_ACCESS_TOKEN","status":"INVALID_ARGUMENT"}}
[warn] ⚠  functions: Request to https://cloudfunctions.googleapis.com/v2/projects/music-sync-99dbb/locations/us-central1/functions?functionId=api had HTTP Error: 400, Could not create Cloud Run service api. spec.template.spec.containers[0].env: Secret environment variable overlaps non secret environment variable: DROPBOX_ACCESS_TOKEN 
[warn] ⚠  functions:  failed to create function projects/music-sync-99dbb/locations/us-central1/functions/api 
[error] Failed to create function projects/music-sync-99dbb/locations/us-central1/functions/api
[debug] [2025-07-11T21:41:41.894Z] Total Function Deployment time: 1221
[debug] [2025-07-11T21:41:41.894Z] 1 Functions Deployed
[debug] [2025-07-11T21:41:41.894Z] 1 Functions Errored
[debug] [2025-07-11T21:41:41.894Z] 0 Function Deployments Aborted
[debug] [2025-07-11T21:41:41.894Z] Average Function Deployment time: 1221
[info] 
[info] Functions deploy had errors with the following functions:
	api(us-central1)
[debug] [2025-07-11T21:41:42.035Z] Not printing URL for HTTPS function. Typically this means it didn't match a filter or we failed deployment
[debug] [2025-07-11T21:41:42.035Z] Not printing URL for HTTPS function. Typically this means it didn't match a filter or we failed deployment
[debug] [2025-07-11T21:41:42.035Z] Checked if tokens are valid: true, expires at: 1752272717804
[debug] [2025-07-11T21:41:42.035Z] Checked if tokens are valid: true, expires at: 1752272717804
[debug] [2025-07-11T21:41:42.035Z] >>> [apiv2][query] GET https://artifactregistry.googleapis.com/v1/projects/music-sync-99dbb/locations/us-central1/repositories/gcf-artifacts [none]
[debug] [2025-07-11T21:41:42.848Z] <<< [apiv2][status] GET https://artifactregistry.googleapis.com/v1/projects/music-sync-99dbb/locations/us-central1/repositories/gcf-artifacts 200
[debug] [2025-07-11T21:41:42.848Z] <<< [apiv2][body] GET https://artifactregistry.googleapis.com/v1/projects/music-sync-99dbb/locations/us-central1/repositories/gcf-artifacts {"name":"projects/music-sync-99dbb/locations/us-central1/repositories/gcf-artifacts","format":"DOCKER","description":"This repository is created and used by Cloud Functions for storing function docker images.","labels":{"goog-managed-by":"cloudfunctions"},"createTime":"2025-07-01T23:52:39.227161Z","updateTime":"2025-07-11T21:41:17.557285Z","mode":"STANDARD_REPOSITORY","cleanupPolicies":{"firebase-functions-cleanup":{"id":"firebase-functions-cleanup","action":"DELETE","condition":{"tagState":"ANY","olderThan":"2592000s"}}},"sizeBytes":"381408259","vulnerabilityScanningConfig":{"lastEnableTime":"2025-07-01T23:52:29.792106486Z","enablementState":"SCANNING_DISABLED","enablementStateReason":"API containerscanning.googleapis.com is not enabled."},"satisfiesPzi":true,"registryUri":"us-central1-docker.pkg.dev/music-sync-99dbb/gcf-artifacts"}
[debug] [2025-07-11T21:41:42.849Z] Functions deploy failed.
[debug] [2025-07-11T21:41:42.849Z] {
  "endpoint": {
    "id": "api",
    "project": "music-sync-99dbb",
    "region": "us-central1",
    "entryPoint": "api",
    "platform": "gcfv2",
    "runtime": "nodejs22",
    "httpsTrigger": {},
    "labels": {
      "deployment-tool": "cli-firebase"
    },
    "secretEnvironmentVariables": [
      {
        "key": "DROPBOX_ACCESS_TOKEN",
        "secret": "DROPBOX_ACCESS_TOKEN",
        "projectId": "music-sync-99dbb",
        "version": "1"
      },
      {
        "key": "DROPBOX_REFRESH_TOKEN",
        "secret": "DROPBOX_REFRESH_TOKEN",
        "projectId": "music-sync-99dbb",
        "version": "1"
      },
      {
        "key": "DROPBOX_APP_KEY",
        "secret": "DROPBOX_APP_KEY",
        "projectId": "music-sync-99dbb",
        "version": "1"
      },
      {
        "key": "DROPBOX_APP_SECRET",
        "secret": "DROPBOX_APP_SECRET",
        "projectId": "music-sync-99dbb",
        "version": "1"
      }
    ],
    "serviceAccount": null,
    "ingressSettings": null,
    "availableMemoryMb": null,
    "timeoutSeconds": null,
    "maxInstances": 10,
    "minInstances": null,
    "concurrency": 80,
    "vpc": null,
    "environmentVariables": {
      "DROPBOX_ACCESS_TOKEN": "sl.u.AF0I7QpxhrUBD1y106f9IBr0-RohvhkF_d68wUBUzRiCI0XHYg4GisAi_UZ8bUDloRKBAQGuyQhjCPUy-tGwcJQvX0cAJ6Y50jL_mKTH2-VBeTvUu6c05DZBwLUGpcvrKOkJDKGc-ZrSWZiqfc8GMzXt9FL5KsqnwIsOrCTSW2iVmhWDMs_CrFpV-HgjqpB4jlAf0siY8txIjiNhStWJxfykUnYAx87PaRAcUC6rGgAOIGadDxTUjdP1-L6y0W55ksQqyKU6avhl_MFNzruqVJtu1TJLDuuCgUEZIMY0wf64_EoUOlDQGq1kaGuP4VTbEusY0wexBjBhgpMaNXk6agvhR-WsjNi8K4yyg6_blqfMdu8PlfJgIUzehAs39je2pP-WT8lz4Q_IpL6VoWrha55Jwieefm8p9rK1dSoAxMr-LDfZEusy4AEYkGOpwpWa-lhfhKMnVSmym64BsvDrBP4UdeA-0C54QJFrVY_oFTNkM1HtsSU7FTsPkejtRJCkupsbfkGV0-QqpUAc8IB6t_4-5IGsjsxrctuUYA6r923mYR4vWj_80PD6j_enCvTkDicY540otqacwMF1o6MeCbIVpw7YORPtjuEnDwKpSPqqeu01A3lsU_EjLNgbcFjA3Xc0viY4JOmIsXYrF29yKlBY8esNnnpVfumj8UYmPdpHcyOaFGqJubNBhGr4iGr1IaalJbyFmrlpligAmHxUjTlI3FKzNbcQiSIIYc6yjxUSaZ9F249UzigQbGY2z5J5n5bNJxW6rD8y9Hu7AaEJjsHf3LYdKKDMJhWOKj_8cKZQxrjhJhu03kld-1mLZ9Fd2ogkv0X1OLWu11meSX2WYwr-Tq1RhL-p1ZI5DqiJBQXQc_TSKakP4sY6t6H2KyytnVeyyJ37WymEhiyq1xIlcTFopy5AV2gZ7zP44YYGwWE7Fj3UgN6mqo2Mj601xxHE-ImzeW4uAFTD393KWaOzxImq0CCX13v_vNoZ3jw7XKgegI_IvB-0vpEGwO9c4axtMbadYtk7WoLSHzDrUApOXYGyHPO3et0EkIehIZuTHmOsW61efELr1RM_G3Tuv05VDMhiHfTOOwmyUtM6iv6XCs3Gh6qdS67pQG_8yvu-AH9FYZ95MyGFLDYsohNXR-c9_twNxiyQzk_5w5Y9R9pNnvX_qGDqYsulqx6mlaVNQZx2iWqMQHui9olUULKgnBgLHbwc26yL1EHes9c0MKs8sdu2ycbbWGaLmkFlOxkDPDvdHIfPSb432za7wI_HsN3opxEdZGUBToGvgZBjj6Xz3Cbr",
      "FIREBASE_CONFIG": "{\"projectId\":\"music-sync-99dbb\",\"storageBucket\":\"music-sync-99dbb.firebasestorage.app\"}",
      "GCLOUD_PROJECT": "music-sync-99dbb",
      "EVENTARC_CLOUD_EVENT_SOURCE": "projects/music-sync-99dbb/locations/us-central1/services/api"
    },
    "codebase": "default",
    "cpu": 1,
    "targetedByOnly": true,
    "hash": "26836ea99c84ab741a809ab73c3973b5479136c2"
  },
  "op": "create",
  "original": {
    "name": "FirebaseError",
    "children": [],
    "context": {
      "function": "projects/music-sync-99dbb/locations/us-central1/functions/api"
    },
    "exit": 1,
    "message": "Failed to create function projects/music-sync-99dbb/locations/us-central1/functions/api",
    "original": {
      "name": "FirebaseError",
      "children": [],
      "context": {
        "body": {
          "error": {
            "code": 400,
            "message": "Could not create Cloud Run service api. spec.template.spec.containers[0].env: Secret environment variable overlaps non secret environment variable: DROPBOX_ACCESS_TOKEN",
            "status": "INVALID_ARGUMENT"
          }
        },
        "response": {
          "statusCode": 400
        }
      },
      "exit": 1,
      "message": "Request to https://cloudfunctions.googleapis.com/v2/projects/music-sync-99dbb/locations/us-central1/functions?functionId=api had HTTP Error: 400, Could not create Cloud Run service api. spec.template.spec.containers[0].env: Secret environment variable overlaps non secret environment variable: DROPBOX_ACCESS_TOKEN",
      "status": 400
    },
    "status": 400,
    "code": 400
  }
}
[debug] [2025-07-11T21:41:42.913Z] Error: Failed to create function api in region us-central1
    at /opt/homebrew/lib/node_modules/firebase-tools/lib/deploy/functions/release/fabricator.js:294:27
    at process.processTicksAndRejections (node:internal/process/task_queues:105:5)
    at async Fabricator.createV2Function (/opt/homebrew/lib/node_modules/firebase-tools/lib/deploy/functions/release/fabricator.js:278:30)
    at async Fabricator.createEndpoint (/opt/homebrew/lib/node_modules/firebase-tools/lib/deploy/functions/release/fabricator.js:137:13)
    at async handle (/opt/homebrew/lib/node_modules/firebase-tools/lib/deploy/functions/release/fabricator.js:89:17)
[error] 
[error] Error: There was an error deploying functions
